<?xml version="1.0" encoding="UTF-8"?>
<!-- Generated by org.testng.reporters.JUnitXMLReporter -->
<testsuite ignored="0" hostname="DESKTOP-PI0A1DS" failures="0" tests="2" name="Default test" time="10.311" errors="0" timestamp="2024-01-19T02:02:08 EST">
  <testcase classname="rsacademy.ExtenedReport.ExtentreportLearning" name="ExtentreportMethod" time="6.799"/>
  <testcase classname="rsacademy.ExtenedReport.ExtentreportLearning" name="Screenshotmethod" time="3.303"/>
</testsuite> <!-- Default test -->
