<?xml version="1.0" encoding="UTF-8"?>
<testng-results ignored="0" total="2" passed="2" failed="0" skipped="0">
  <reporter-output>
  </reporter-output>
  <suite started-at="2024-01-19T02:01:57 EST" name="Default suite" finished-at="2024-01-19T02:02:08 EST" duration-ms="10311">
    <groups>
    </groups>
    <test started-at="2024-01-19T02:01:57 EST" name="Default test" finished-at="2024-01-19T02:02:08 EST" duration-ms="10311">
      <class name="rsacademy.ExtenedReport.ExtentreportLearning">
        <test-method signature="ExtentreportMethod()[pri:0, instance:rsacademy.ExtenedReport.ExtentreportLearning@b62d79]" started-at="2024-01-19T02:01:58 EST" name="ExtentreportMethod" finished-at="2024-01-19T02:02:04 EST" duration-ms="6799" status="PASS">
          <reporter-output>
          </reporter-output>
        </test-method> <!-- ExtentreportMethod -->
        <test-method signature="Screenshotmethod()[pri:0, instance:rsacademy.ExtenedReport.ExtentreportLearning@b62d79]" started-at="2024-01-19T02:02:04 EST" name="Screenshotmethod" finished-at="2024-01-19T02:02:08 EST" duration-ms="3303" status="PASS">
          <reporter-output>
          </reporter-output>
        </test-method> <!-- Screenshotmethod -->
      </class> <!-- rsacademy.ExtenedReport.ExtentreportLearning -->
    </test> <!-- Default test -->
  </suite> <!-- Default suite -->
</testng-results>
